<?xml version="1.0" encoding="UTF-8"?>
<testng-results skipped="0" failed="0" ignored="0" total="2" passed="2">
  <reporter-output>
  </reporter-output>
  <suite name="InetBankingV1" duration-ms="44815" started-at="2021-04-26T19:35:09 IST" finished-at="2021-04-26T19:35:54 IST">
    <groups>
    </groups>
    <test name="BankingApp Test" duration-ms="44815" started-at="2021-04-26T19:35:09 IST" finished-at="2021-04-26T19:35:54 IST">
      <class name="com.inetbanking.testCases.TC_LoginTest_001">
        <test-method status="PASS" signature="setup(java.lang.String)[pri:0, instance:com.inetbanking.testCases.TC_LoginTest_001@6a41eaa2]" name="setup" is-config="true" duration-ms="8116" started-at="2021-04-26T19:35:09 IST" finished-at="2021-04-26T19:35:17 IST">
          <params>
            <param index="0">
              <value>
                <![CDATA[chrome]]>
              </value>
            </param>
          </params>
          <reporter-output>
          </reporter-output>
        </test-method> <!-- setup -->
        <test-method status="PASS" signature="loginTest()[pri:0, instance:com.inetbanking.testCases.TC_LoginTest_001@6a41eaa2]" name="loginTest" duration-ms="2483" started-at="2021-04-26T19:35:17 IST" finished-at="2021-04-26T19:35:19 IST">
          <reporter-output>
          </reporter-output>
        </test-method> <!-- loginTest -->
        <test-method status="PASS" signature="tearDown()[pri:0, instance:com.inetbanking.testCases.TC_LoginTest_001@6a41eaa2]" name="tearDown" is-config="true" duration-ms="648" started-at="2021-04-26T19:35:19 IST" finished-at="2021-04-26T19:35:20 IST">
          <reporter-output>
          </reporter-output>
        </test-method> <!-- tearDown -->
      </class> <!-- com.inetbanking.testCases.TC_LoginTest_001 -->
      <class name="com.inetbanking.testCases.TC_AddCustomerTest_003">
        <test-method status="PASS" signature="setup(java.lang.String)[pri:0, instance:com.inetbanking.testCases.TC_AddCustomerTest_003@7cd62f43]" name="setup" is-config="true" duration-ms="7884" started-at="2021-04-26T19:35:20 IST" finished-at="2021-04-26T19:35:28 IST">
          <params>
            <param index="0">
              <value>
                <![CDATA[chrome]]>
              </value>
            </param>
          </params>
          <reporter-output>
          </reporter-output>
        </test-method> <!-- setup -->
        <test-method status="PASS" signature="addNewCustomer()[pri:0, instance:com.inetbanking.testCases.TC_AddCustomerTest_003@7cd62f43]" name="addNewCustomer" duration-ms="24310" started-at="2021-04-26T19:35:28 IST" finished-at="2021-04-26T19:35:52 IST">
          <reporter-output>
          </reporter-output>
        </test-method> <!-- addNewCustomer -->
        <test-method status="PASS" signature="tearDown()[pri:0, instance:com.inetbanking.testCases.TC_AddCustomerTest_003@7cd62f43]" name="tearDown" is-config="true" duration-ms="1209" started-at="2021-04-26T19:35:52 IST" finished-at="2021-04-26T19:35:54 IST">
          <reporter-output>
          </reporter-output>
        </test-method> <!-- tearDown -->
      </class> <!-- com.inetbanking.testCases.TC_AddCustomerTest_003 -->
    </test> <!-- BankingApp Test -->
  </suite> <!-- InetBankingV1 -->
</testng-results>
